<?xml version="1.0" encoding="UTF-8"?>
<testsuites name="Android_Mobile_NativeApp_TS" time="59.889" tests="1" failures="0" errors="0">
   <testsuite name="Android_Mobile_NativeApp_TS" tests="1" failures="0" errors="0" time="59.889" skipped="0" timestamp="08-08-2025T21:47:05" hostname="linh.nguyen - localhost" id="Test Suites/TestCloud/Android_Mobile_NativeApp_TS">
      <properties>
[...]
</properties>
      <testcase name="Test Cases/TestCloud/Mobile_Android_NativeApp_TC" time="57.192" classname="Test Cases/TestCloud/Mobile_Android_NativeApp_TC" status="PASSED">
         <system-out><![CDATA[08-08-2025T21:47:08 - [TEST_CASE][PASSED] - Test Cases/TestCloud/Mobile_Android_NativeApp_TC: Test Cases/TestCloud/Mobile_Android_NativeApp_TC

08-08-2025T21:47:09 - [TEST_STEP][PASSED] - Start listener action : beforeTestCase: null

08-08-2025T21:47:09 - [TEST_STEP][PASSED] - GLUE = ["bddProject_StepDefinition"]: null

08-08-2025T21:47:09 - [TEST_STEP][PASSED] - startApplication("/Users/linh.nguyen/Documents/Mobile Apps/Android/IT Glossary_1.5_Apkpure.apk", true): Started application: '41737d08-66f1-4a17-be67-d35a8c6152af'

08-08-2025T21:47:11 - [MESSAGE][INFO] - Overriding application: '/Users/linh.nguyen/Documents/Mobile Apps/Android/IT Glossary_1.5_Apkpure.apk' by '41737d08-66f1-4a17-be67-d35a8c6152af'

08-08-2025T21:47:11 - [MESSAGE][INFO] - Override application info: '{"id":"41737d08-66f1-4a17-be67-d35a8c6152af","organizationId":"2458420","name":"IT Glossary","platform":"ANDROID","status":"READY","size":3010500,"storagePath":"bcde7735-a65b-47a5-a7c2-5694680cb085","uploadedDate":"2025-08-08T09:57:17.517612","createdDate":"2025-08-08T09:57:17.517612","updatedDate":"2025-08-08T09:57:24.032837","fileName":"IT Glossary_1.5_Apkpure.apk","metadata":{"identifier":"com.saiftech.papoo.itglossary","name":"IT Glossary","version":"1.5"}}'

08-08-2025T21:47:11 - [MESSAGE][INFO] - Starting application: '41737d08-66f1-4a17-be67-d35a8c6152af'

08-08-2025T21:47:51 - [MESSAGE][PASSED] - Started application: '41737d08-66f1-4a17-be67-d35a8c6152af'

08-08-2025T21:47:51 - [TEST_STEP][PASSED] - tap(findTestObject("Object Repository/android.widget.TextView - About App"), 0): Tapped on element 'Object Repository/android.widget.TextView - About App'

08-08-2025T21:47:52 - [MESSAGE][WARNING] - Timeout '0' is invalid. Using default page load timeout: '30'

08-08-2025T21:47:57 - [MESSAGE][PASSED] - Tapped on element 'Object Repository/android.widget.TextView - About App'

08-08-2025T21:47:57 - [TEST_STEP][PASSED] - verifyElementText(findTestObject("Object Repository/android.widget.TextView - This app contains a wide collection of IT terminology, abbreviations and MCQs, specially designed for students"), "This app contains a wide collection of IT terminology, abbreviations and MCQ's, specially designed for students."): Actual text and expected text of test object 'Object Repository/android.widget.TextView - This app contains a wide collection of IT terminology, abbreviations and MCQs, specially designed for students' are matched.

08-08-2025T21:48:01 - [MESSAGE][PASSED] - Actual text and expected text of test object 'Object Repository/android.widget.TextView - This app contains a wide collection of IT terminology, abbreviations and MCQs, specially designed for students' are matched.

08-08-2025T21:48:01 - [TEST_STEP][PASSED] - closeApplication(): Close app successfully

08-08-2025T21:48:05 - [MESSAGE][PASSED] - Close app successfully]]></system-out>
         <system-err><![CDATA[]]></system-err>
      </testcase>
      <system-out><![CDATA[08-08-2025T21:47:05 - [TEST_SUITE][PASSED] - Android_Mobile_NativeApp_TS: Test Cases/TestCloud/Mobile_Android_NativeApp_TC]]></system-out>
      <system-err><![CDATA[]]></system-err>
   </testsuite>
</testsuites>
