2025-05-30 18:42:36.548 INFO  c.k.katalon.core.main.TestSuiteExecutor  - START Test Suites/Visual Testing/01_Visual_Testing_TS
2025-05-30 18:42:36.601 INFO  c.k.katalon.core.main.TestSuiteExecutor  - userFullName = Linh Nguyen
2025-05-30 18:42:36.602 INFO  c.k.katalon.core.main.TestSuiteExecutor  - projectName = TAM_Katalon_Demo_Project
2025-05-30 18:42:36.602 INFO  c.k.katalon.core.main.TestSuiteExecutor  - hostName = linh.nguyen - localhost
2025-05-30 18:42:36.602 INFO  c.k.katalon.core.main.TestSuiteExecutor  - os = Mac OS X 64bit
2025-05-30 18:42:36.602 INFO  c.k.katalon.core.main.TestSuiteExecutor  - hostAddress = 127.0.0.1
2025-05-30 18:42:36.603 INFO  c.k.katalon.core.main.TestSuiteExecutor  - katalonVersion = 10.2.0.0
2025-05-30 18:42:36.774 INFO  c.k.katalon.core.main.TestCaseExecutor   - --------------------
2025-05-30 18:42:36.774 INFO  c.k.katalon.core.main.TestCaseExecutor   - START Test Cases/Visual Testing/01_Vistual_Testing_Mobile_Web_App_TC
2025-05-30 18:42:36.863 DEBUG t.01_Vistual_Testing_Mobile_Web_App_TC   - 1: openBrowser("")
2025-05-30 18:42:36.944 INFO  c.k.k.core.webui.driver.DriverFactory    - Starting 'iOS' driver
2025-05-30 18:42:47.103 WARN  c.k.k.c.a.driver.AppiumDriverManager     - Failed to start ios_webkit_debug_proxy on default port 27753
2025-05-30 18:42:47.229 INFO  c.k.k.c.a.driver.AppiumDriverManager     - Detected NodeJS location: "/opt/homebrew/Cellar/node/23.11.0/bin/node"
2025-05-30 18:42:47.252 INFO  c.k.k.c.a.driver.AppiumDriverManager     - PATH: /opt/homebrew/Cellar/node/23.11.0/bin:/opt/homebrew/bin:/usr/bin:/bin:/usr/sbin:/sbin:/usr/local/bin
2025-05-30 18:42:47.252 INFO  c.k.k.c.a.driver.AppiumDriverManager     - APPIUM_HOME: /Users/linh.nguyen/.appium
2025-05-30 18:42:47.253 INFO  c.k.k.c.a.driver.AppiumDriverManager     - appium outlog: /Users/linh.nguyen/Desktop/TAM_Katalon_Demo_Project/Reports/20250530_184233/Visual Testing/01_Visual_Testing_TS/20250530_184233/appium.log
2025-05-30 18:42:47.253 INFO  c.k.k.c.a.driver.AppiumDriverManager     - appium errlog: /Users/linh.nguyen/Desktop/TAM_Katalon_Demo_Project/Reports/20250530_184233/Visual Testing/01_Visual_Testing_TS/20250530_184233/appium_error.log
[38;5;112m[Appium][0m Welcome to Appium v2.18.0 (REV dc0f9d50fd170492a33fd7234d06de1b94df363c)
[38;5;112m[Appium][0m Non-default server args:
[38;5;112m[Appium][0m { basePath: [32m'/wd/hub'[39m, loglevel: [32m'info'[39m, port: [33m62650[39m }
[38;5;112m[Appium][0m Attempting to load driver uiautomator2...
[38;5;112m[Appium][0m Attempting to load driver xcuitest...
[38;5;112m[Appium][0m Appium REST http interface listener started on http://0.0.0.0:62650/wd/hub
[38;5;112m[Appium][0m You can provide the following URLs in your client code to connect to this server:
	http://127.0.0.1:62650/wd/hub (only accessible from the same host)
	http://192.168.1.3:62650/wd/hub
[38;5;112m[Appium][0m Available drivers:
[38;5;112m[Appium][0m   - uiautomator2@4.2.3 (automationName 'UiAutomator2')
[38;5;112m[Appium][0m   - xcuitest@9.2.4 (automationName 'XCUITest')
[38;5;112m[Appium][0m No plugins have been installed. Use the "appium plugin" command to install the one(s) you want to use.
2025-05-30 18:42:50.542 INFO  c.k.k.c.a.driver.AppiumDriverManager     - Appium server started on port 62,650
[38;5;86m[HTTP][0m [37m-->[39m [37mGET[39m [37m/wd/hub/status[39m {}
[38;5;86m[HTTP][0m <-- GET /wd/hub/status 200 5 ms - 200 
[38;5;86m[HTTP][0m [37m-->[39m [37mPOST[39m [37m/wd/hub/session[39m {"capabilities":{"firstMatch":[{"appium:automationName":"XCUITest","appium:browserName":"Safari","appium:deviceName":"iPhone 16 Pro","appium:newCommandTimeout":1800,"appium:platformVersion":"18.4","appium:wdaLocalPort":62607,"platformName":"IOS"}]},"desiredCapabilities":{"appium:automationName":"XCUITest","appium:browserName":"Safari","appium:deviceName":"iPhone 16 Pro","appium:newCommandTimeout":1800,"appium:platformVersion":"18.4","appium:wdaLocalPort":62607,"platformName":"IOS"}}
[38;5;123m[BaseDriver][0m The capabilities ["browserName"] are standard capabilities and do not require "appium:" prefix
[38;5;112m[Appium][0m Attempting to find matching driver for automationName 'XCUITest' and platformName 'IOS'
[38;5;112m[Appium][0m The 'xcuitest' driver was installed and matched caps.
[38;5;112m[Appium][0m Will require it at /Users/linh.nguyen/.appium/node_modules/appium-xcuitest-driver
[38;5;145m[AppiumDriver@d83f][0m Appium v2.18.0 creating new XCUITestDriver (v9.2.4) session
[38;5;145m[AppiumDriver@d83f][0m Checking BaseDriver versions for Appium and XCUITestDriver
[38;5;145m[AppiumDriver@d83f][0m Appium's BaseDriver version is 9.17.0
[38;5;145m[AppiumDriver@d83f][0m XCUITestDriver's BaseDriver version is 9.17.0
[38;5;178m[5a16d777][0m[38;5;64m[XCUITestDriver@1cf5][0m Session created with session id: 5a16d777-ee52-4dfa-b0b4-2322894f22c4
[38;5;178m[5a16d777][0m[38;5;64m[XCUITestDriver@1cf5][0m No real device udid has been provided in capabilities. Will select a matching simulator to run the test.
[38;5;178m[5a16d777][0m[38;5;64m[XCUITestDriver@1cf5][0m iOS SDK Version set to '18.5'
[38;5;178m[5a16d777][0m[38;5;64m[XCUITestDriver@1cf5][0m Constructing iOS simulator for Xcode version 16.4 with udid 'C654008E-DBDC-475A-9573-40B1D2622922'
[38;5;178m[5a16d777][0m[38;5;64m[XCUITestDriver@1cf5][0m Determining device to run tests on: udid: 'C654008E-DBDC-475A-9573-40B1D2622922', real device: false
[38;5;178m[5a16d777][0m[38;5;64m[XCUITestDriver@1cf5][0m Safari test requested
[38;5;178m[5a16d777][0m[38;5;64m[XCUITestDriver@1cf5][0m Reset: failed to terminate Simulator application with id "com.apple.mobilesafari"
[38;5;178m[5a16d777][0m[38;5;64m[XCUITestDriver@1cf5][0m Error running 'get_app_container': An error was encountered processing the command (domain=com.apple.CoreSimulator.SimError, code=405):
Unable to lookup in current state: Shutdown
[38;5;178m[5a16d777][0m[38;5;64m[XCUITestDriver@1cf5][0m Reset: could not scrub Safari browser. Leaving as is.
[38;5;178m[5a16d777][0m[38;5;64m[XCUITestDriver@1cf5][0m Using WDA path: '/Users/linh.nguyen/.appium/node_modules/appium-xcuitest-driver/node_modules/appium-webdriveragent'
[38;5;178m[5a16d777][0m[38;5;64m[XCUITestDriver@1cf5][0m Using WDA agent: '/Users/linh.nguyen/.appium/node_modules/appium-xcuitest-driver/node_modules/appium-webdriveragent/WebDriverAgent.xcodeproj'
[38;5;178m[5a16d777][0m[38;5;64m[XCUITestDriver@1cf5][0m Continuing without capturing device logs: iOS Simulator with udid 'C654008E-DBDC-475A-9573-40B1D2622922' is not running
[38;5;178m[5a16d777][0m[38;5;64m[XCUITestDriver@1cf5][0m Setting up simulator
[38;5;178m[5a16d777][0m[38;5;64m[XCUITestDriver@1cf5][0m Simulator with UDID C654008E-DBDC-475A-9573-40B1D2622922 booted in 57.884s
[38;5;178m[5a16d777][0m[38;5;23m[DevCon Factory][0m Requesting connection for device C654008E-DBDC-475A-9573-40B1D2622922 on local port 62607
[38;5;178m[5a16d777][0m[38;5;23m[DevCon Factory][0m Successfully requested the connection for C654008E-DBDC-475A-9573-40B1D2622922:62607
[38;5;178m[5a16d777][0m[38;5;151m[WD Proxy][0m connect ECONNREFUSED 127.0.0.1:62607
[38;5;178m[5a16d777][0m[38;5;64m[XCUITestDriver@1cf5][0m Launching WebDriverAgent on the device
[38;5;178m[5a16d777][0m[38;5;64m[XCUITestDriver@1cf5][0m There is no need to perform the project cleanup. A fresh install has been detected
[38;5;178m[5a16d777][0m[38;5;64m[XCUITestDriver@1cf5][0m connect ECONNREFUSED 127.0.0.1:62607
[38;5;178m[5a16d777][0m[38;5;64m[XCUITestDriver@1cf5][0m connect ECONNREFUSED 127.0.0.1:62607
[38;5;178m[5a16d777][0m[38;5;64m[XCUITestDriver@1cf5][0m Quitting and uninstalling WebDriverAgent
[38;5;178m[5a16d777][0m[38;5;64m[XCUITestDriver@1cf5][0m Shutting down sub-processes
[38;5;178m[5a16d777][0m[38;5;64m[XCUITestDriver@1cf5][0m connect ECONNREFUSED 127.0.0.1:62607
[38;5;178m[5a16d777][0m[38;5;64m[XCUITestDriver@1cf5][0m connect ECONNREFUSED 127.0.0.1:62607
[38;5;178m[5a16d777][0m[38;5;64m[XCUITestDriver@1cf5][0m connect ECONNREFUSED 127.0.0.1:62607
[38;5;178m[5a16d777][0m[38;5;64m[XCUITestDriver@1cf5][0m connect ECONNREFUSED 127.0.0.1:62607
[38;5;178m[5a16d777][0m[38;5;64m[XCUITestDriver@1cf5][0m connect ECONNREFUSED 127.0.0.1:62607
[38;5;178m[5a16d777][0m[38;5;64m[XCUITestDriver@1cf5][0m connect ECONNREFUSED 127.0.0.1:62607
[38;5;178m[5a16d777][0m[38;5;64m[XCUITestDriver@1cf5][0m connect ECONNREFUSED 127.0.0.1:62607
[38;5;178m[5a16d777][0m[38;5;64m[XCUITestDriver@1cf5][0m connect ECONNREFUSED 127.0.0.1:62607
[38;5;178m[5a16d777][0m[38;5;64m[XCUITestDriver@1cf5][0m connect ECONNREFUSED 127.0.0.1:62607
[38;5;178m[5a16d777][0m[38;5;64m[XCUITestDriver@1cf5][0m connect ECONNREFUSED 127.0.0.1:62607
[38;5;178m[5a16d777][0m[38;5;64m[XCUITestDriver@1cf5][0m connect ECONNREFUSED 127.0.0.1:62607
[38;5;178m[5a16d777][0m[38;5;64m[XCUITestDriver@1cf5][0m connect ECONNREFUSED 127.0.0.1:62607
[38;5;178m[5a16d777][0m[38;5;64m[XCUITestDriver@1cf5][0m connect ECONNREFUSED 127.0.0.1:62607
[38;5;178m[5a16d777][0m[38;5;64m[XCUITestDriver@1cf5][0m connect ECONNREFUSED 127.0.0.1:62607
[38;5;178m[5a16d777][0m[38;5;64m[XCUITestDriver@1cf5][0m connect ECONNREFUSED 127.0.0.1:62607
[38;5;178m[5a16d777][0m[38;5;64m[XCUITestDriver@1cf5][0m connect ECONNREFUSED 127.0.0.1:62607
[38;5;178m[5a16d777][0m[38;5;64m[XCUITestDriver@1cf5][0m connect ECONNREFUSED 127.0.0.1:62607
[38;5;178m[5a16d777][0m[38;5;64m[XCUITestDriver@1cf5][0m connect ECONNREFUSED 127.0.0.1:62607
[38;5;178m[5a16d777][0m[38;5;64m[XCUITestDriver@1cf5][0m Retrying WDA startup (2 of 2)
[38;5;178m[5a16d777][0m[38;5;64m[XCUITestDriver@1cf5][0m Launching WebDriverAgent on the device
[38;5;178m[5a16d777][0m[38;5;64m[XCUITestDriver@1cf5][0m There is no need to perform the project cleanup. A fresh install has been detected
[38;5;178m[5a16d777][0m[38;5;64m[XCUITestDriver@1cf5][0m connect ECONNREFUSED 127.0.0.1:62607
[38;5;178m[5a16d777][0m[38;5;64m[XCUITestDriver@1cf5][0m connect ECONNREFUSED 127.0.0.1:62607
[38;5;178m[5a16d777][0m[38;5;64m[XCUITestDriver@1cf5][0m connect ECONNREFUSED 127.0.0.1:62607
[38;5;178m[5a16d777][0m[38;5;64m[XCUITestDriver@1cf5][0m connect ECONNREFUSED 127.0.0.1:62607
[38;5;178m[5a16d777][0m[38;5;64m[XCUITestDriver@1cf5][0m connect ECONNREFUSED 127.0.0.1:62607
[38;5;178m[5a16d777][0m[38;5;64m[XCUITestDriver@1cf5][0m connect ECONNREFUSED 127.0.0.1:62607
2025-05-30 18:45:43.794 INFO  c.k.k.c.a.driver.AppiumDriverManager     - deviceId = null
2025-05-30 18:45:43.797 INFO  c.k.k.c.a.driver.AppiumDriverManager     - deviceName = iPhone 16 Pro
2025-05-30 18:45:43.798 INFO  c.k.k.c.a.driver.AppiumDriverManager     - deviceModel = Not available for Simulator
2025-05-30 18:45:43.799 INFO  c.k.k.c.a.driver.AppiumDriverManager     - deviceManufacturer = Apple
2025-05-30 18:45:43.800 INFO  c.k.k.c.a.driver.AppiumDriverManager     - deviceOS = iOS
2025-05-30 18:45:43.800 INFO  c.k.k.c.a.driver.AppiumDriverManager     - deviceOSVersion = 18.4
2025-05-30 18:45:43.829 ERROR c.k.k.core.keyword.internal.KeywordMain  - ‚ùå Unable to open browser with url: '' (Root cause: com.kms.katalon.core.exception.StepFailedException: Unable to open browser with url: ''
	at com.kms.katalon.core.webui.keyword.internal.WebUIKeywordMain.stepFailed(WebUIKeywordMain.groovy:117)
	at com.kms.katalon.core.webui.keyword.internal.WebUIKeywordMain.runKeyword(WebUIKeywordMain.groovy:43)
	at com.kms.katalon.core.webui.keyword.builtin.OpenBrowserKeyword.openBrowser(OpenBrowserKeyword.groovy:47)
	at com.kms.katalon.core.webui.keyword.builtin.OpenBrowserKeyword.execute(OpenBrowserKeyword.groovy:33)
	at com.kms.katalon.core.keyword.internal.KeywordExecutor.executeKeywordForPlatform(KeywordExecutor.groovy:74)
	at com.kms.katalon.core.webui.keyword.WebUiBuiltInKeywords.openBrowser(WebUiBuiltInKeywords.groovy:62)
	at 01_Vistual_Testing_Mobile_Web_App_TC.run(01_Vistual_Testing_Mobile_Web_App_TC:23)
	at com.kms.katalon.core.main.ScriptEngine.run(ScriptEngine.java:194)
	at com.kms.katalon.core.main.ScriptEngine.runScriptAsRawText(ScriptEngine.java:119)
	at com.kms.katalon.core.main.TestCaseExecutor.runScript(TestCaseExecutor.java:486)
	at com.kms.katalon.core.main.TestCaseExecutor.doExecute(TestCaseExecutor.java:477)
	at com.kms.katalon.core.main.TestCaseExecutor.processExecutionPhase(TestCaseExecutor.java:456)
	at com.kms.katalon.core.main.TestCaseExecutor.accessMainPhase(TestCaseExecutor.java:448)
	at com.kms.katalon.core.main.TestCaseExecutor.execute(TestCaseExecutor.java:322)
	at com.kms.katalon.core.common.CommonExecutor.accessTestCaseMainPhase(CommonExecutor.java:71)
	at com.kms.katalon.core.main.TestSuiteExecutor.accessTestSuiteMainPhase(TestSuiteExecutor.java:160)
	at com.kms.katalon.core.main.TestSuiteExecutor.execute(TestSuiteExecutor.java:107)
	at com.kms.katalon.core.main.TestCaseMain.startTestSuite(TestCaseMain.java:186)
	at TempTestSuite1748605353430.run(TempTestSuite1748605353430.groovy:35)
	at java.base/jdk.internal.reflect.NativeMethodAccessorImpl.invoke0(Native Method)
	at java.base/jdk.internal.reflect.NativeMethodAccessorImpl.invoke(NativeMethodAccessorImpl.java:77)
	at java.base/jdk.internal.reflect.DelegatingMethodAccessorImpl.invoke(DelegatingMethodAccessorImpl.java:43)
Caused by: org.openqa.selenium.SessionNotCreatedException: Could not start a new session. Response code 500. Message: An unknown server-side error occurred while processing the command. Original error: Unable to launch WebDriverAgent. Original error: xcodebuild failed with code 70. This usually indicates an issue with the local Xcode setup or WebDriverAgent project configuration or the driver-to-platform version mismatch. Consider setting 'showXcodeLog' capability to true in order to check the Appium server log for build-related error messages. 
Host info: host: 'Linhs-MacBook-Pro-2.local', ip: 'fdd0:b56a:d1f9:0:1cb8:9f4a:7f24:85cb%en0'
Build info: version: '4.28.1', revision: '73f5ad48a2'
System info: os.name: 'Mac OS X', os.arch: 'aarch64', os.version: '15.5', java.version: '17.0.14'
Driver info: io.appium.java_client.ios.IOSDriver
Command: [null, newSession {capabilities=[Capabilities {appium:automationName: XCUITest, appium:browserName: Safari, appium:deviceName: iPhone 16 Pro, appium:newCommandTimeout: 1800, appium:platformVersion: 18.4, appium:wdaLocalPort: 62607, platformName: IOS}]}]
Capabilities {appium:automationName: XCUITest, appium:browserName: Safari, appium:deviceName: iPhone 16 Pro, appium:newCommandTimeout: 1800, appium:platformVersion: 18.4, appium:wdaLocalPort: 62607, platformName: IOS}
	at org.openqa.selenium.remote.ProtocolHandshake.createSession(ProtocolHandshake.java:114)
	at org.openqa.selenium.remote.ProtocolHandshake.createSession(ProtocolHandshake.java:75)
	at org.openqa.selenium.remote.ProtocolHandshake.createSession(ProtocolHandshake.java:61)
	at io.appium.java_client.remote.AppiumCommandExecutor.createSession(AppiumCommandExecutor.java:176)
	at io.appium.java_client.remote.AppiumCommandExecutor.execute(AppiumCommandExecutor.java:237)
	at org.openqa.selenium.remote.RemoteWebDriver.execute(RemoteWebDriver.java:545)
	at io.appium.java_client.AppiumDriver.startSession(AppiumDriver.java:270)
	at org.openqa.selenium.remote.RemoteWebDriver.<init>(RemoteWebDriver.java:174)
	at io.appium.java_client.AppiumDriver.<init>(AppiumDriver.java:91)
	at io.appium.java_client.ios.IOSDriver.<init>(IOSDriver.java:91)
	at com.kms.katalon.core.appium.driver.AppiumDriverManager.createMobileDriver(AppiumDriverManager.java:572)
	at com.kms.katalon.core.appium.driver.AppiumDriverManager.createMobileDriver(AppiumDriverManager.java:551)
	at com.kms.katalon.core.webui.driver.WebMobileDriverFactory.createMobileDriver(WebMobileDriverFactory.java:178)
	at com.kms.katalon.core.webui.driver.MobileDriverBuilder.build(MobileDriverBuilder.java:16)
	at com.kms.katalon.core.webui.driver.DriverFactory.startNewBrowser(DriverFactory.java:254)
	at com.kms.katalon.core.webui.driver.DriverFactory.openWebDriver(DriverFactory.java:161)
	at com.kms.katalon.core.webui.keyword.builtin.OpenBrowserKeyword$_openBrowser_closure1.doCall(OpenBrowserKeyword.groovy:40)
	at com.kms.katalon.core.webui.keyword.builtin.OpenBrowserKeyword$_openBrowser_closure1.call(OpenBrowserKeyword.groovy)
	at com.kms.katalon.core.webui.keyword.internal.WebUIKeywordMain.runKeyword(WebUIKeywordMain.groovy:35)
	at com.kms.katalon.core.webui.keyword.builtin.OpenBrowserKeyword.openBrowser(OpenBrowserKeyword.groovy:47)
	at com.kms.katalon.core.webui.keyword.builtin.OpenBrowserKeyword.execute(OpenBrowserKeyword.groovy:33)
	at com.kms.katalon.core.keyword.internal.KeywordExecutor.executeKeywordForPlatform(KeywordExecutor.groovy:74)
	at com.kms.katalon.core.webui.keyword.WebUiBuiltInKeywords.openBrowser(WebUiBuiltInKeywords.groovy:62)
	at Script1748268329535.run(Script1748268329535.groovy:23)
	... 15 more
)
2025-05-30 18:45:43.843 ERROR c.k.katalon.core.main.TestCaseExecutor   - ‚ùå Test Cases/Visual Testing/01_Vistual_Testing_Mobile_Web_App_TC FAILED.
Reason:
com.kms.katalon.core.exception.StepFailedException: Unable to open browser with url: ''
	at com.kms.katalon.core.webui.keyword.internal.WebUIKeywordMain.stepFailed(WebUIKeywordMain.groovy:117)
	at com.kms.katalon.core.webui.keyword.internal.WebUIKeywordMain.runKeyword(WebUIKeywordMain.groovy:43)
	at com.kms.katalon.core.webui.keyword.builtin.OpenBrowserKeyword.openBrowser(OpenBrowserKeyword.groovy:47)
	at com.kms.katalon.core.webui.keyword.builtin.OpenBrowserKeyword.execute(OpenBrowserKeyword.groovy:33)
	at com.kms.katalon.core.keyword.internal.KeywordExecutor.executeKeywordForPlatform(KeywordExecutor.groovy:74)
	at com.kms.katalon.core.webui.keyword.WebUiBuiltInKeywords.openBrowser(WebUiBuiltInKeywords.groovy:62)
	at 01_Vistual_Testing_Mobile_Web_App_TC.run(01_Vistual_Testing_Mobile_Web_App_TC:23)
	at com.kms.katalon.core.main.ScriptEngine.run(ScriptEngine.java:194)
	at com.kms.katalon.core.main.ScriptEngine.runScriptAsRawText(ScriptEngine.java:119)
	at com.kms.katalon.core.main.TestCaseExecutor.runScript(TestCaseExecutor.java:486)
	at com.kms.katalon.core.main.TestCaseExecutor.doExecute(TestCaseExecutor.java:477)
	at com.kms.katalon.core.main.TestCaseExecutor.processExecutionPhase(TestCaseExecutor.java:456)
	at com.kms.katalon.core.main.TestCaseExecutor.accessMainPhase(TestCaseExecutor.java:448)
	at com.kms.katalon.core.main.TestCaseExecutor.execute(TestCaseExecutor.java:322)
	at com.kms.katalon.core.common.CommonExecutor.accessTestCaseMainPhase(CommonExecutor.java:71)
	at com.kms.katalon.core.main.TestSuiteExecutor.accessTestSuiteMainPhase(TestSuiteExecutor.java:160)
	at com.kms.katalon.core.main.TestSuiteExecutor.execute(TestSuiteExecutor.java:107)
	at com.kms.katalon.core.main.TestCaseMain.startTestSuite(TestCaseMain.java:186)
	at TempTestSuite1748605353430.run(TempTestSuite1748605353430.groovy:35)
	at java.base/jdk.internal.reflect.NativeMethodAccessorImpl.invoke0(Native Method)
	at java.base/jdk.internal.reflect.NativeMethodAccessorImpl.invoke(NativeMethodAccessorImpl.java:77)
	at java.base/jdk.internal.reflect.DelegatingMethodAccessorImpl.invoke(DelegatingMethodAccessorImpl.java:43)
Caused by: org.openqa.selenium.SessionNotCreatedException: Could not start a new session. Response code 500. Message: An unknown server-side error occurred while processing the command. Original error: Unable to launch WebDriverAgent. Original error: xcodebuild failed with code 70. This usually indicates an issue with the local Xcode setup or WebDriverAgent project configuration or the driver-to-platform version mismatch. Consider setting 'showXcodeLog' capability to true in order to check the Appium server log for build-related error messages. 
Host info: host: 'Linhs-MacBook-Pro-2.local', ip: 'fdd0:b56a:d1f9:0:1cb8:9f4a:7f24:85cb%en0'
Build info: version: '4.28.1', revision: '73f5ad48a2'
System info: os.name: 'Mac OS X', os.arch: 'aarch64', os.version: '15.5', java.version: '17.0.14'
Driver info: io.appium.java_client.ios.IOSDriver
Command: [null, newSession {capabilities=[Capabilities {appium:automationName: XCUITest, appium:browserName: Safari, appium:deviceName: iPhone 16 Pro, appium:newCommandTimeout: 1800, appium:platformVersion: 18.4, appium:wdaLocalPort: 62607, platformName: IOS}]}]
Capabilities {appium:automationName: XCUITest, appium:browserName: Safari, appium:deviceName: iPhone 16 Pro, appium:newCommandTimeout: 1800, appium:platformVersion: 18.4, appium:wdaLocalPort: 62607, platformName: IOS}
	at org.openqa.selenium.remote.ProtocolHandshake.createSession(ProtocolHandshake.java:114)
	at org.openqa.selenium.remote.ProtocolHandshake.createSession(ProtocolHandshake.java:75)
	at org.openqa.selenium.remote.ProtocolHandshake.createSession(ProtocolHandshake.java:61)
	at io.appium.java_client.remote.AppiumCommandExecutor.createSession(AppiumCommandExecutor.java:176)
	at io.appium.java_client.remote.AppiumCommandExecutor.execute(AppiumCommandExecutor.java:237)
	at org.openqa.selenium.remote.RemoteWebDriver.execute(RemoteWebDriver.java:545)
	at io.appium.java_client.AppiumDriver.startSession(AppiumDriver.java:270)
	at org.openqa.selenium.remote.RemoteWebDriver.<init>(RemoteWebDriver.java:174)
	at io.appium.java_client.AppiumDriver.<init>(AppiumDriver.java:91)
	at io.appium.java_client.ios.IOSDriver.<init>(IOSDriver.java:91)
	at com.kms.katalon.core.appium.driver.AppiumDriverManager.createMobileDriver(AppiumDriverManager.java:572)
	at com.kms.katalon.core.appium.driver.AppiumDriverManager.createMobileDriver(AppiumDriverManager.java:551)
	at com.kms.katalon.core.webui.driver.WebMobileDriverFactory.createMobileDriver(WebMobileDriverFactory.java:178)
	at com.kms.katalon.core.webui.driver.MobileDriverBuilder.build(MobileDriverBuilder.java:16)
	at com.kms.katalon.core.webui.driver.DriverFactory.startNewBrowser(DriverFactory.java:254)
	at com.kms.katalon.core.webui.driver.DriverFactory.openWebDriver(DriverFactory.java:161)
	at com.kms.katalon.core.webui.keyword.builtin.OpenBrowserKeyword$_openBrowser_closure1.doCall(OpenBrowserKeyword.groovy:40)
	at com.kms.katalon.core.webui.keyword.builtin.OpenBrowserKeyword$_openBrowser_closure1.call(OpenBrowserKeyword.groovy)
	at com.kms.katalon.core.webui.keyword.internal.WebUIKeywordMain.runKeyword(WebUIKeywordMain.groovy:35)
	... 20 more

2025-05-30 18:45:43.857 INFO  c.k.katalon.core.main.TestCaseExecutor   - END Test Cases/Visual Testing/01_Vistual_Testing_Mobile_Web_App_TC
2025-05-30 18:45:43.884 INFO  c.k.katalon.core.main.TestSuiteExecutor  - --------------------
2025-05-30 18:45:43.884 INFO  c.k.katalon.core.main.TestSuiteExecutor  - END Test Suites/Visual Testing/01_Visual_Testing_TS
2025-05-30 18:45:43.884 INFO  c.k.katalon.core.main.TestSuiteExecutor  - ====================
[38;5;178m[5a16d777][0m[38;5;64m[XCUITestDriver@1cf5][0m connect ECONNREFUSED 127.0.0.1:62607
[38;5;178m[5a16d777][0m[38;5;64m[XCUITestDriver@1cf5][0m Quitting and uninstalling WebDriverAgent
[38;5;178m[5a16d777][0m[38;5;64m[XCUITestDriver@1cf5][0m Shutting down sub-processes
[38;5;178m[5a16d777][0m[38;5;23m[DevCon Factory][0m Releasing connections for C654008E-DBDC-475A-9573-40B1D2622922 device on any port number
[38;5;178m[5a16d777][0m[38;5;23m[DevCon Factory][0m Found cached connections to release: ["C654008E-DBDC-475A-9573-40B1D2622922:62607"]
[38;5;178m[5a16d777][0m[38;5;86m[HTTP][0m <-- POST /wd/hub/session 500 172793 ms - 1202 
[38;5;178m[5a16d777][0m[38;5;64m[XCUITestDriver@1cf5][0m connect ECONNREFUSED 127.0.0.1:62607
