<?xml version="1.0" encoding="UTF-8"?>
<testsuites name="Android_Mobile_NativeApp_TS" time="64.349" tests="1" failures="0" errors="0">
   <testsuite name="Android_Mobile_NativeApp_TS" tests="1" failures="0" errors="0" time="64.349" skipped="0" timestamp="08-08-2025T18:04:10" hostname="linh.nguyen - localhost" id="Test Suites/TestCloud/Android_Mobile_NativeApp_TS">
      <properties>
[...]
</properties>
      <testcase name="Test Cases/TestCloud/TestCloud_Record_AndroidApp" time="63.113" classname="Test Cases/TestCloud/TestCloud_Record_AndroidApp" status="PASSED">
         <system-out><![CDATA[08-08-2025T18:04:11 - [TEST_CASE][PASSED] - Test Cases/TestCloud/TestCloud_Record_AndroidApp: Test Cases/TestCloud/TestCloud_Record_AndroidApp

08-08-2025T18:04:12 - [TEST_STEP][PASSED] - Start listener action : beforeTestCase: null

08-08-2025T18:04:12 - [TEST_STEP][PASSED] - GLUE = ["bddProject_StepDefinition"]: null

08-08-2025T18:04:13 - [TEST_STEP][PASSED] - startApplication("41737d08-66f1-4a17-be67-d35a8c6152af", true): Started application: '41737d08-66f1-4a17-be67-d35a8c6152af'

08-08-2025T18:04:15 - [MESSAGE][INFO] - Overriding application: '41737d08-66f1-4a17-be67-d35a8c6152af' by '41737d08-66f1-4a17-be67-d35a8c6152af'

08-08-2025T18:04:15 - [MESSAGE][INFO] - Override application info: '{"id":"41737d08-66f1-4a17-be67-d35a8c6152af","organizationId":"2458420","name":"IT Glossary","platform":"ANDROID","status":"READY","size":3010500,"storagePath":"bcde7735-a65b-47a5-a7c2-5694680cb085","uploadedDate":"2025-08-08T09:57:17.517612","createdDate":"2025-08-08T09:57:17.517612","updatedDate":"2025-08-08T09:57:24.032837","fileName":"IT Glossary_1.5_Apkpure.apk","metadata":{"identifier":"com.saiftech.papoo.itglossary","name":"IT Glossary","version":"1.5"}}'

08-08-2025T18:04:15 - [MESSAGE][INFO] - Starting application: '41737d08-66f1-4a17-be67-d35a8c6152af'

08-08-2025T18:04:57 - [MESSAGE][PASSED] - Started application: '41737d08-66f1-4a17-be67-d35a8c6152af'

08-08-2025T18:04:57 - [TEST_STEP][PASSED] - tap(findTestObject("Object Repository/TestCloud_Record/android.widget.ImageView"), 0): Tapped on element 'Object Repository/TestCloud_Record/android.widget.ImageView'

08-08-2025T18:04:58 - [MESSAGE][WARNING] - Timeout '0' is invalid. Using default page load timeout: '30'

08-08-2025T18:05:03 - [MESSAGE][PASSED] - Tapped on element 'Object Repository/TestCloud_Record/android.widget.ImageView'

08-08-2025T18:05:03 - [TEST_STEP][PASSED] - tap(findTestObject("Object Repository/TestCloud_Record/android.widget.TextView - About App"), 0): Tapped on element 'Object Repository/TestCloud_Record/android.widget.TextView - About App'

08-08-2025T18:05:03 - [MESSAGE][WARNING] - Timeout '0' is invalid. Using default page load timeout: '30'

08-08-2025T18:05:06 - [MESSAGE][PASSED] - Tapped on element 'Object Repository/TestCloud_Record/android.widget.TextView - About App'

08-08-2025T18:05:06 - [TEST_STEP][PASSED] - verifyElementText(findTestObject("Object Repository/TestCloud_Record/android.widget.TextView - This app contains a wide collection of IT terminology, abbreviations and MCQs, specially designed for students"), "This app contains a wide collection of IT terminology, abbreviations and MCQ's, specially designed for students."): Actual text and expected text of test object 'Object Repository/TestCloud_Record/android.widget.TextView - This app contains a wide collection of IT terminology, abbreviations and MCQs, specially designed for students' are matched.

08-08-2025T18:05:10 - [MESSAGE][PASSED] - Actual text and expected text of test object 'Object Repository/TestCloud_Record/android.widget.TextView - This app contains a wide collection of IT terminology, abbreviations and MCQs, specially designed for students' are matched.

08-08-2025T18:05:10 - [TEST_STEP][PASSED] - closeApplication(): Close app successfully

08-08-2025T18:05:14 - [MESSAGE][PASSED] - Close app successfully]]></system-out>
         <system-err><![CDATA[]]></system-err>
      </testcase>
      <system-out><![CDATA[08-08-2025T18:04:10 - [TEST_SUITE][PASSED] - Android_Mobile_NativeApp_TS: Test Cases/TestCloud/TestCloud_Record_AndroidApp]]></system-out>
      <system-err><![CDATA[]]></system-err>
   </testsuite>
</testsuites>
